<?xml version="1.0" encoding="UTF-8"?>
<robot generator="Robot 7.0.1 (Python 3.12.4 on darwin)" generated="2024-11-09T17:12:00.806207" rpa="false" schemaversion="5">
<suite id="s1" name="Assignment" source="/Users/peerapolhanwattanachai/Desktop/file/HW/modifedfFileStructure/Newassign/testcase/assignment.robot">
<kw name="Start Browser" owner="common" type="SETUP">
<kw name="Open Browser" owner="SeleniumLibrary">
<msg time="2024-11-09T17:12:00.960416" level="INFO">Opening browser 'chrome' to base url 'file:///Users/peerapolhanwattanachai/Desktop/file/HW/modifedfFileStructure/Newassign/Url/ep01_small_excercise.html'.</msg>
<arg>${url}</arg>
<arg>${browser}</arg>
<arg>options=${options}</arg>
<doc>Opens a new browser instance to the optional ``url``.</doc>
<status status="PASS" start="2024-11-09T17:12:00.960265" elapsed="5.478058"/>
</kw>
<status status="PASS" start="2024-11-09T17:12:00.959919" elapsed="5.478867"/>
</kw>
<test id="s1-t1" name="TC-input text" line="8">
<kw name="Start Browser" owner="common">
<kw name="Open Browser" owner="SeleniumLibrary">
<msg time="2024-11-09T17:12:06.440539" level="INFO">Opening browser 'chrome' to base url 'file:///Users/peerapolhanwattanachai/Desktop/file/HW/modifedfFileStructure/Newassign/Url/ep01_small_excercise.html'.</msg>
<arg>${url}</arg>
<arg>${browser}</arg>
<arg>options=${options}</arg>
<doc>Opens a new browser instance to the optional ``url``.</doc>
<status status="PASS" start="2024-11-09T17:12:06.440238" elapsed="1.389555"/>
</kw>
<status status="PASS" start="2024-11-09T17:12:06.439704" elapsed="1.390422"/>
</kw>
<kw name="Login to website" owner="common">
<kw name="Input Text" owner="SeleniumLibrary">
<msg time="2024-11-09T17:12:07.831547" level="INFO">Typing text 'input username' into text field 'id=username-box'.</msg>
<arg>${UsernameBox}</arg>
<arg>input username</arg>
<doc>Types the given ``text`` into the text field identified by ``locator``.</doc>
<status status="PASS" start="2024-11-09T17:12:07.831062" elapsed="0.296515"/>
</kw>
<kw name="Input Text" owner="SeleniumLibrary">
<msg time="2024-11-09T17:12:08.128457" level="INFO">Typing text 'input password' into text field '//div[@v="password"]/input'.</msg>
<arg>${PasswordBox}</arg>
<arg>input password</arg>
<doc>Types the given ``text`` into the text field identified by ``locator``.</doc>
<status status="PASS" start="2024-11-09T17:12:08.127974" elapsed="0.092976"/>
</kw>
<kw name="Input Text" owner="SeleniumLibrary">
<msg time="2024-11-09T17:12:08.221513" level="INFO">Typing text 'input nickname' into text field '//input[@doppio="nickname"]'.</msg>
<arg>${NicknameBox}</arg>
<arg>input nickname</arg>
<doc>Types the given ``text`` into the text field identified by ``locator``.</doc>
<status status="PASS" start="2024-11-09T17:12:08.221158" elapsed="0.060334"/>
</kw>
<status status="PASS" start="2024-11-09T17:12:07.830699" elapsed="0.450972"/>
</kw>
<status status="PASS" start="2024-11-09T17:12:06.438963" elapsed="1.843252"/>
</test>
<test id="s1-t2" name="TC-Dropdown" line="11">
<kw name="SelectList from label" owner="common">
<kw name="Select From List By Label" owner="SeleniumLibrary">
<msg time="2024-11-09T17:12:08.285507" level="INFO">Selecting options from selection list 'company' by label Doppio.</msg>
<arg>${DropdownCompany}</arg>
<arg>Doppio</arg>
<doc>Selects options from selection list ``locator`` by ``labels``.</doc>
<status status="PASS" start="2024-11-09T17:12:08.285322" elapsed="0.069626"/>
</kw>
<status status="PASS" start="2024-11-09T17:12:08.284601" elapsed="0.070611"/>
</kw>
<status status="PASS" start="2024-11-09T17:12:08.283037" elapsed="0.074101"/>
</test>
<test id="s1-t3" name="TC-Checkbox" line="13">
<kw name="SelectCheckbox from id" owner="common">
<kw name="Select Checkbox" owner="SeleniumLibrary">
<msg time="2024-11-09T17:12:08.360304" level="INFO">Selecting checkbox 'id=op1'.</msg>
<arg>${CheckBox1}</arg>
<doc>Selects the checkbox identified by ``locator``.</doc>
<status status="PASS" start="2024-11-09T17:12:08.359815" elapsed="0.102699"/>
</kw>
<kw name="Checkbox Should Be Selected" owner="SeleniumLibrary">
<msg time="2024-11-09T17:12:08.463246" level="INFO">Verifying checkbox 'id=op1' is selected.</msg>
<arg>${CheckBox1}</arg>
<doc>Verifies checkbox ``locator`` is selected/checked.</doc>
<status status="PASS" start="2024-11-09T17:12:08.462811" elapsed="0.026685"/>
</kw>
<status status="PASS" start="2024-11-09T17:12:08.358985" elapsed="0.130620"/>
</kw>
<status status="PASS" start="2024-11-09T17:12:08.358288" elapsed="0.131543"/>
</test>
<test id="s1-t4" name="TC-clickbutton" line="15">
<kw name="ClickBtn from id" owner="common">
<kw name="Click Element" owner="SeleniumLibrary">
<msg time="2024-11-09T17:12:08.492336" level="INFO">Clicking element 'id=use-me'.</msg>
<arg>${UsemeBTN}</arg>
<doc>Click the element identified by ``locator``.</doc>
<status status="PASS" start="2024-11-09T17:12:08.491303" elapsed="0.109976"/>
</kw>
<status status="PASS" start="2024-11-09T17:12:08.490288" elapsed="0.111427"/>
</kw>
<status status="PASS" start="2024-11-09T17:12:08.490029" elapsed="0.112147"/>
</test>
<status status="PASS" start="2024-11-09T17:12:00.807219" elapsed="7.796104"/>
</suite>
<statistics>
<total>
<stat pass="4" fail="0" skip="0">All Tests</stat>
</total>
<tag>
</tag>
<suite>
<stat pass="4" fail="0" skip="0" id="s1" name="Assignment">Assignment</stat>
</suite>
</statistics>
<errors>
</errors>
</robot>
